# JRE version: OpenJDK Runtime Environment Temurin-17.0.8.1+1 (17.0.8.1+1) (build 17.0.8.1+1)
# Java VM: OpenJDK 64-Bit Server VM Temurin-17.0.8.1+1 (17.0.8.1+1, mixed mode, sharing, tiered, compressed oops, compressed class ptrs, parallel gc, windows-amd64)
GC Precious Log:
 CPUs: 16 total, 16 available
 Memory: 16084M
 Large Page Support: Disabled
 NUMA Support: Disabled
 Compressed Oops: Enabled (32-bit)
 Alignments: Space 512K, Generation 512K, Heap 2M
 Heap Min Capacity: 64M
 Heap Initial Capacity: 64M
 Heap Max Capacity: 512M
 Pre-touch: Disabled
 Parallel Workers: 13
Heap:
 PSYoungGen      total 10240K, used 10153K [0x00000000f5580000, 0x00000000f6500000, 0x0000000100000000)
  eden space 8704K, 99% used [0x00000000f5580000,0x00000000f5dea540,0x00000000f5e00000)
  from space 1536K, 100% used [0x00000000f5e00000,0x00000000f5f80000,0x00000000f5f80000)
  to   space 3584K, 0% used [0x00000000f6180000,0x00000000f6180000,0x00000000f6500000)
 ParOldGen       total 65024K, used 53445K [0x00000000e0000000, 0x00000000e3f80000, 0x00000000f5580000)
  object space 65024K, 82% used [0x00000000e0000000,0x00000000e3431488,0x00000000e3f80000)
 Metaspace       used 110405K, committed 111040K, reserved 344064K
  class space    used 14145K, committed 14464K, reserved 212992K
GC Heap History (20 events):
Event: 8.842 GC heap before
{Heap before GC invocations=28 (full 2):
 PSYoungGen      total 14848K, used 14842K [0x00000000f5580000, 0x00000000f6680000, 0x0000000100000000)
  eden space 13312K, 99% used [0x00000000f5580000,0x00000000f627e938,0x00000000f6280000)
  from space 1536K, 100% used [0x00000000f6300000,0x00000000f6480000,0x00000000f6480000)
  to   space 2048K, 0% used [0x00000000f6480000,0x00000000f6480000,0x00000000f6680000)
 ParOldGen       total 53760K, used 43248K [0x00000000e0000000, 0x00000000e3480000, 0x00000000f5580000)
  object space 53760K, 80% used [0x00000000e0000000,0x00000000e2a3c088,0x00000000e3480000)
 Metaspace       used 95465K, committed 96000K, reserved 344064K
  class space    used 12395K, committed 12608K, reserved 212992K
}
Event: 8.847 GC heap after
{Heap after GC invocations=28 (full 2):
 PSYoungGen      total 13824K, used 2016K [0x00000000f5580000, 0x00000000f6980000, 0x0000000100000000)
  eden space 11776K, 0% used [0x00000000f5580000,0x00000000f5580000,0x00000000f6100000)
  from space 2048K, 98% used [0x00000000f6480000,0x00000000f6678010,0x00000000f6680000)
  to   space 3584K, 0% used [0x00000000f6100000,0x00000000f6100000,0x00000000f6480000)
 ParOldGen       total 53760K, used 44120K [0x00000000e0000000, 0x00000000e3480000, 0x00000000f5580000)
  object space 53760K, 82% used [0x00000000e0000000,0x00000000e2b16098,0x00000000e3480000)
 Metaspace       used 95465K, committed 96000K, reserved 344064K
  class space    used 12395K, committed 12608K, reserved 212992K
}
Event: 9.389 GC heap before
{Heap before GC invocations=29 (full 2):
 PSYoungGen      total 13824K, used 13788K [0x00000000f5580000, 0x00000000f6980000, 0x0000000100000000)
  eden space 11776K, 99% used [0x00000000f5580000,0x00000000f60ff1c0,0x00000000f6100000)
  from space 2048K, 98% used [0x00000000f6480000,0x00000000f6678010,0x00000000f6680000)
  to   space 3584K, 0% used [0x00000000f6100000,0x00000000f6100000,0x00000000f6480000)
 ParOldGen       total 53760K, used 44120K [0x00000000e0000000, 0x00000000e3480000, 0x00000000f5580000)
  object space 53760K, 82% used [0x00000000e0000000,0x00000000e2b16098,0x00000000e3480000)
 Metaspace       used 99087K, committed 99648K, reserved 344064K
  class space    used 12868K, committed 13120K, reserved 212992K
}
Event: 9.393 GC heap after
{Heap after GC invocations=29 (full 2):
 PSYoungGen      total 14848K, used 2674K [0x00000000f5580000, 0x00000000f6700000, 0x0000000100000000)
  eden space 11776K, 0% used [0x00000000f5580000,0x00000000f5580000,0x00000000f6100000)
  from space 3072K, 87% used [0x00000000f6100000,0x00000000f639c970,0x00000000f6400000)
  to   space 3072K, 0% used [0x00000000f6400000,0x00000000f6400000,0x00000000f6700000)
 ParOldGen       total 53760K, used 46088K [0x00000000e0000000, 0x00000000e3480000, 0x00000000f5580000)
  object space 53760K, 85% used [0x00000000e0000000,0x00000000e2d020a8,0x00000000e3480000)
 Metaspace       used 99087K, committed 99648K, reserved 344064K
  class space    used 12868K, committed 13120K, reserved 212992K
}
Event: 10.071 GC heap before
{Heap before GC invocations=30 (full 2):
 PSYoungGen      total 14848K, used 14450K [0x00000000f5580000, 0x00000000f6700000, 0x0000000100000000)
  eden space 11776K, 100% used [0x00000000f5580000,0x00000000f6100000,0x00000000f6100000)
  from space 3072K, 87% used [0x00000000f6100000,0x00000000f639c970,0x00000000f6400000)
  to   space 3072K, 0% used [0x00000000f6400000,0x00000000f6400000,0x00000000f6700000)
 ParOldGen       total 53760K, used 46088K [0x00000000e0000000, 0x00000000e3480000, 0x00000000f5580000)
  object space 53760K, 85% used [0x00000000e0000000,0x00000000e2d020a8,0x00000000e3480000)
 Metaspace       used 102837K, committed 103424K, reserved 344064K
  class space    used 13302K, committed 13568K, reserved 212992K
}
Event: 10.075 GC heap after
{Heap after GC invocations=30 (full 2):
 PSYoungGen      total 13312K, used 3067K [0x00000000f5580000, 0x00000000f6a00000, 0x0000000100000000)
  eden space 10240K, 0% used [0x00000000f5580000,0x00000000f5580000,0x00000000f5f80000)
  from space 3072K, 99% used [0x00000000f6400000,0x00000000f66fede0,0x00000000f6700000)
  to   space 4608K, 0% used [0x00000000f5f80000,0x00000000f5f80000,0x00000000f6400000)
 ParOldGen       total 53760K, used 46910K [0x00000000e0000000, 0x00000000e3480000, 0x00000000f5580000)
  object space 53760K, 87% used [0x00000000e0000000,0x00000000e2dcfad8,0x00000000e3480000)
 Metaspace       used 102837K, committed 103424K, reserved 344064K
  class space    used 13302K, committed 13568K, reserved 212992K
}
Event: 11.787 GC heap before
{Heap before GC invocations=31 (full 2):
 PSYoungGen      total 13312K, used 13307K [0x00000000f5580000, 0x00000000f6a00000, 0x0000000100000000)
  eden space 10240K, 100% used [0x00000000f5580000,0x00000000f5f80000,0x00000000f5f80000)
  from space 3072K, 99% used [0x00000000f6400000,0x00000000f66fede0,0x00000000f6700000)
  to   space 4608K, 0% used [0x00000000f5f80000,0x00000000f5f80000,0x00000000f6400000)
 ParOldGen       total 53760K, used 46910K [0x00000000e0000000, 0x00000000e3480000, 0x00000000f5580000)
  object space 53760K, 87% used [0x00000000e0000000,0x00000000e2dcfad8,0x00000000e3480000)
 Metaspace       used 104798K, committed 105344K, reserved 344064K
  class space    used 13567K, committed 13824K, reserved 212992K
}
Event: 11.792 GC heap after
{Heap after GC invocations=31 (full 2):
 PSYoungGen      total 11776K, used 1440K [0x00000000f5580000, 0x00000000f6480000, 0x0000000100000000)
  eden space 10240K, 0% used [0x00000000f5580000,0x00000000f5580000,0x00000000f5f80000)
  from space 1536K, 93% used [0x00000000f5f80000,0x00000000f60e8000,0x00000000f6100000)
  to   space 2560K, 0% used [0x00000000f6200000,0x00000000f6200000,0x00000000f6480000)
 ParOldGen       total 53760K, used 49972K [0x00000000e0000000, 0x00000000e3480000, 0x00000000f5580000)
  object space 53760K, 92% used [0x00000000e0000000,0x00000000e30cd2f0,0x00000000e3480000)
 Metaspace       used 104798K, committed 105344K, reserved 344064K
  class space    used 13567K, committed 13824K, reserved 212992K
}
Event: 12.125 GC heap before
{Heap before GC invocations=32 (full 2):
 PSYoungGen      total 11776K, used 11680K [0x00000000f5580000, 0x00000000f6480000, 0x0000000100000000)
  eden space 10240K, 100% used [0x00000000f5580000,0x00000000f5f80000,0x00000000f5f80000)
  from space 1536K, 93% used [0x00000000f5f80000,0x00000000f60e8000,0x00000000f6100000)
  to   space 2560K, 0% used [0x00000000f6200000,0x00000000f6200000,0x00000000f6480000)
 ParOldGen       total 53760K, used 49972K [0x00000000e0000000, 0x00000000e3480000, 0x00000000f5580000)
  object space 53760K, 92% used [0x00000000e0000000,0x00000000e30cd2f0,0x00000000e3480000)
 Metaspace       used 105936K, committed 106496K, reserved 344064K
  class space    used 13725K, committed 14016K, reserved 212992K
}
Event: 12.129 GC heap after
{Heap after GC invocations=32 (full 2):
 PSYoungGen      total 11264K, used 2560K [0x00000000f5580000, 0x00000000f6780000, 0x0000000100000000)
  eden space 8704K, 0% used [0x00000000f5580000,0x00000000f5580000,0x00000000f5e00000)
  from space 2560K, 100% used [0x00000000f6200000,0x00000000f6480000,0x00000000f6480000)
  to   space 4096K, 0% used [0x00000000f5e00000,0x00000000f5e00000,0x00000000f6200000)
 ParOldGen       total 53760K, used 50882K [0x00000000e0000000, 0x00000000e3480000, 0x00000000f5580000)
  object space 53760K, 94% used [0x00000000e0000000,0x00000000e31b0ba0,0x00000000e3480000)
 Metaspace       used 105936K, committed 106496K, reserved 344064K
  class space    used 13725K, committed 14016K, reserved 212992K
}
Event: 12.297 GC heap before
{Heap before GC invocations=33 (full 2):
 PSYoungGen      total 11264K, used 11264K [0x00000000f5580000, 0x00000000f6780000, 0x0000000100000000)
  eden space 8704K, 100% used [0x00000000f5580000,0x00000000f5e00000,0x00000000f5e00000)
  from space 2560K, 100% used [0x00000000f6200000,0x00000000f6480000,0x00000000f6480000)
  to   space 4096K, 0% used [0x00000000f5e00000,0x00000000f5e00000,0x00000000f6200000)
 ParOldGen       total 53760K, used 50882K [0x00000000e0000000, 0x00000000e3480000, 0x00000000f5580000)
  object space 53760K, 94% used [0x00000000e0000000,0x00000000e31b0ba0,0x00000000e3480000)
 Metaspace       used 106276K, committed 106816K, reserved 344064K
  class space    used 13758K, committed 14016K, reserved 212992K
}
Event: 12.300 GC heap after
{Heap after GC invocations=33 (full 2):
 PSYoungGen      total 10752K, used 1792K [0x00000000f5580000, 0x00000000f6300000, 0x0000000100000000)
  eden space 8704K, 0% used [0x00000000f5580000,0x00000000f5580000,0x00000000f5e00000)
  from space 2048K, 87% used [0x00000000f5e00000,0x00000000f5fc0020,0x00000000f6000000)
  to   space 2560K, 0% used [0x00000000f6080000,0x00000000f6080000,0x00000000f6300000)
 ParOldGen       total 53760K, used 52382K [0x00000000e0000000, 0x00000000e3480000, 0x00000000f5580000)
  object space 53760K, 97% used [0x00000000e0000000,0x00000000e3327b80,0x00000000e3480000)
 Metaspace       used 106276K, committed 106816K, reserved 344064K
  class space    used 13758K, committed 14016K, reserved 212992K
}
Event: 12.300 GC heap before
{Heap before GC invocations=34 (full 3):
 PSYoungGen      total 10752K, used 1792K [0x00000000f5580000, 0x00000000f6300000, 0x0000000100000000)
  eden space 8704K, 0% used [0x00000000f5580000,0x00000000f5580000,0x00000000f5e00000)
  from space 2048K, 87% used [0x00000000f5e00000,0x00000000f5fc0020,0x00000000f6000000)
  to   space 2560K, 0% used [0x00000000f6080000,0x00000000f6080000,0x00000000f6300000)
 ParOldGen       total 53760K, used 52382K [0x00000000e0000000, 0x00000000e3480000, 0x00000000f5580000)
  object space 53760K, 97% used [0x00000000e0000000,0x00000000e3327b80,0x00000000e3480000)
 Metaspace       used 106276K, committed 106816K, reserved 344064K
  class space    used 13758K, committed 14016K, reserved 212992K
}
Event: 12.373 GC heap after
{Heap after GC invocations=34 (full 3):
 PSYoungGen      total 11264K, used 0K [0x00000000f5580000, 0x00000000f6300000, 0x0000000100000000)
  eden space 8704K, 0% used [0x00000000f5580000,0x00000000f5580000,0x00000000f5e00000)
  from space 2560K, 0% used [0x00000000f6080000,0x00000000f6080000,0x00000000f6300000)
  to   space 2560K, 0% used [0x00000000f5e00000,0x00000000f5e00000,0x00000000f6080000)
 ParOldGen       total 65024K, used 51953K [0x00000000e0000000, 0x00000000e3f80000, 0x00000000f5580000)
  object space 65024K, 79% used [0x00000000e0000000,0x00000000e32bc7d8,0x00000000e3f80000)
 Metaspace       used 106274K, committed 106816K, reserved 344064K
  class space    used 13757K, committed 14016K, reserved 212992K
}
Event: 13.089 GC heap before
{Heap before GC invocations=35 (full 3):
 PSYoungGen      total 11264K, used 8704K [0x00000000f5580000, 0x00000000f6300000, 0x0000000100000000)
  eden space 8704K, 100% used [0x00000000f5580000,0x00000000f5e00000,0x00000000f5e00000)
  from space 2560K, 0% used [0x00000000f6080000,0x00000000f6080000,0x00000000f6300000)
  to   space 2560K, 0% used [0x00000000f5e00000,0x00000000f5e00000,0x00000000f6080000)
 ParOldGen       total 65024K, used 51953K [0x00000000e0000000, 0x00000000e3f80000, 0x00000000f5580000)
  object space 65024K, 79% used [0x00000000e0000000,0x00000000e32bc7d8,0x00000000e3f80000)
 Metaspace       used 107324K, committed 107840K, reserved 344064K
  class space    used 13870K, committed 14144K, reserved 212992K
}
Event: 13.091 GC heap after
{Heap after GC invocations=35 (full 3):
 PSYoungGen      total 9728K, used 992K [0x00000000f5580000, 0x00000000f6100000, 0x0000000100000000)
  eden space 8704K, 0% used [0x00000000f5580000,0x00000000f5580000,0x00000000f5e00000)
  from space 1024K, 96% used [0x00000000f5e00000,0x00000000f5ef8000,0x00000000f5f00000)
  to   space 1536K, 0% used [0x00000000f5f80000,0x00000000f5f80000,0x00000000f6100000)
 ParOldGen       total 65024K, used 51961K [0x00000000e0000000, 0x00000000e3f80000, 0x00000000f5580000)
  object space 65024K, 79% used [0x00000000e0000000,0x00000000e32be7d8,0x00000000e3f80000)
 Metaspace       used 107324K, committed 107840K, reserved 344064K
  class space    used 13870K, committed 14144K, reserved 212992K
}
Event: 13.534 GC heap before
{Heap before GC invocations=36 (full 3):
 PSYoungGen      total 9728K, used 9696K [0x00000000f5580000, 0x00000000f6100000, 0x0000000100000000)
  eden space 8704K, 100% used [0x00000000f5580000,0x00000000f5e00000,0x00000000f5e00000)
  from space 1024K, 96% used [0x00000000f5e00000,0x00000000f5ef8000,0x00000000f5f00000)
  to   space 1536K, 0% used [0x00000000f5f80000,0x00000000f5f80000,0x00000000f6100000)
 ParOldGen       total 65024K, used 51961K [0x00000000e0000000, 0x00000000e3f80000, 0x00000000f5580000)
  object space 65024K, 79% used [0x00000000e0000000,0x00000000e32be7d8,0x00000000e3f80000)
 Metaspace       used 108099K, committed 108672K, reserved 344064K
  class space    used 13919K, committed 14208K, reserved 212992K
}
Event: 13.535 GC heap after
{Heap after GC invocations=36 (full 3):
 PSYoungGen      total 10240K, used 1312K [0x00000000f5580000, 0x00000000f6100000, 0x0000000100000000)
  eden space 8704K, 0% used [0x00000000f5580000,0x00000000f5580000,0x00000000f5e00000)
  from space 1536K, 85% used [0x00000000f5f80000,0x00000000f60c8000,0x00000000f6100000)
  to   space 1536K, 0% used [0x00000000f5e00000,0x00000000f5e00000,0x00000000f5f80000)
 ParOldGen       total 65024K, used 51969K [0x00000000e0000000, 0x00000000e3f80000, 0x00000000f5580000)
  object space 65024K, 79% used [0x00000000e0000000,0x00000000e32c07d8,0x00000000e3f80000)
 Metaspace       used 108099K, committed 108672K, reserved 344064K
  class space    used 13919K, committed 14208K, reserved 212992K
}
Event: 23.789 GC heap before
{Heap before GC invocations=37 (full 3):
 PSYoungGen      total 10240K, used 10016K [0x00000000f5580000, 0x00000000f6100000, 0x0000000100000000)
  eden space 8704K, 100% used [0x00000000f5580000,0x00000000f5e00000,0x00000000f5e00000)
  from space 1536K, 85% used [0x00000000f5f80000,0x00000000f60c8000,0x00000000f6100000)
  to   space 1536K, 0% used [0x00000000f5e00000,0x00000000f5e00000,0x00000000f5f80000)
 ParOldGen       total 65024K, used 51969K [0x00000000e0000000, 0x00000000e3f80000, 0x00000000f5580000)
  object space 65024K, 79% used [0x00000000e0000000,0x00000000e32c07d8,0x00000000e3f80000)
 Metaspace       used 109680K, committed 110272K, reserved 344064K
  class space    used 14071K, committed 14336K, reserved 212992K
}
Event: 23.793 GC heap after
{Heap after GC invocations=37 (full 3):
 PSYoungGen      total 10240K, used 1536K [0x00000000f5580000, 0x00000000f6500000, 0x0000000100000000)
  eden space 8704K, 0% used [0x00000000f5580000,0x00000000f5580000,0x00000000f5e00000)
  from space 1536K, 100% used [0x00000000f5e00000,0x00000000f5f80000,0x00000000f5f80000)
  to   space 3584K, 0% used [0x00000000f6180000,0x00000000f6180000,0x00000000f6500000)
 ParOldGen       total 65024K, used 53445K [0x00000000e0000000, 0x00000000e3f80000, 0x00000000f5580000)
  object space 65024K, 82% used [0x00000000e0000000,0x00000000e3431488,0x00000000e3f80000)
 Metaspace       used 109680K, committed 110272K, reserved 344064K
  class space    used 14071K, committed 14336K, reserved 212992K
}

